DEB [20180528-07:16:19.958] thr=1   paramiko.transport: starting thread (server mode): 0x4960a10L
DEB [20180528-07:16:19.958] thr=1   paramiko.transport: Local version/idstring: SSH-2.0-paramiko_2.4.1
DEB [20180528-07:16:19.959] thr=1   paramiko.transport: Remote version/idstring: SSH-2.0-paramiko_2.4.1
INF [20180528-07:16:19.959] thr=1   paramiko.transport: Connected (version 2.0, client paramiko_2.4.1)
DEB [20180528-07:16:19.959] thr=1   paramiko.transport: kex algos:[u'ecdh-sha2-nistp256', u'ecdh-sha2-nistp384', u'ecdh-sha2-nistp521', u'diffie-hellman-group-exchange-sha256', u'diffie-hellman-group-exchange-sha1', u'diffie-hellman-group14-sha1', u'diffie-hellman-group1-sha1'] server key:[u'ssh-ed25519', u'ecdsa-sha2-nistp256', u'ecdsa-sha2-nistp384', u'ecdsa-sha2-nistp521', u'ssh-rsa', u'ssh-dss'] client encrypt:[u'aes128-ctr', u'aes192-ctr', u'aes256-ctr', u'aes128-cbc', u'aes192-cbc', u'aes256-cbc', u'blowfish-cbc', u'3des-cbc'] server encrypt:[u'aes128-ctr', u'aes192-ctr', u'aes256-ctr', u'aes128-cbc', u'aes192-cbc', u'aes256-cbc', u'blowfish-cbc', u'3des-cbc'] client mac:[u'hmac-sha2-256', u'hmac-sha2-512', u'hmac-sha1', u'hmac-md5', u'hmac-sha1-96', u'hmac-md5-96'] server mac:[u'hmac-sha2-256', u'hmac-sha2-512', u'hmac-sha1', u'hmac-md5', u'hmac-sha1-96', u'hmac-md5-96'] client compress:[u'none'] server compress:[u'none'] client lang:[u''] server lang:[u''] kex follows?False
DEB [20180528-07:16:19.959] thr=1   paramiko.transport: Kex agreed: ecdh-sha2-nistp256
DEB [20180528-07:16:19.959] thr=1   paramiko.transport: HostKey agreed: ssh-rsa
DEB [20180528-07:16:19.960] thr=1   paramiko.transport: Cipher agreed: aes128-ctr
DEB [20180528-07:16:19.960] thr=1   paramiko.transport: MAC agreed: hmac-sha2-256
DEB [20180528-07:16:19.960] thr=1   paramiko.transport: Compression agreed: none
DEB [20180528-07:16:20.001] thr=1   paramiko.transport: kex engine KexNistp256 specified hash_algo <built-in function openssl_sha256>
DEB [20180528-07:16:20.002] thr=1   paramiko.transport: Switch to new keys ...
DEB [20180528-07:16:20.049] thr=1   paramiko.transport: Auth request (type=password) service=ssh-connection, username=root
INF [20180528-07:16:20.049] thr=1   paramiko.transport: Auth granted (password).
DEB [20180528-07:16:20.050] thr=1   paramiko.transport: [chan 0] Max packet in: 32768 bytes
DEB [20180528-07:16:20.050] thr=1   paramiko.transport: [chan 0] Max packet out: 32768 bytes
DEB [20180528-07:16:20.050] thr=1   paramiko.transport: Secsh channel 0 (session) opened.
DEB [20180528-07:30:10.454] thr=1   paramiko.transport: EOF in transport thread
DEB [20180528-08:41:54.550] thr=1   paramiko.transport: starting thread (server mode): 0xb69a950L
DEB [20180528-08:41:54.550] thr=1   paramiko.transport: Local version/idstring: SSH-2.0-paramiko_2.4.1
DEB [20180528-08:41:54.550] thr=1   paramiko.transport: Remote version/idstring: SSH-2.0-paramiko_2.4.1
INF [20180528-08:41:54.550] thr=1   paramiko.transport: Connected (version 2.0, client paramiko_2.4.1)
DEB [20180528-08:41:54.551] thr=1   paramiko.transport: kex algos:[u'ecdh-sha2-nistp256', u'ecdh-sha2-nistp384', u'ecdh-sha2-nistp521', u'diffie-hellman-group-exchange-sha256', u'diffie-hellman-group-exchange-sha1', u'diffie-hellman-group14-sha1', u'diffie-hellman-group1-sha1'] server key:[u'ssh-ed25519', u'ecdsa-sha2-nistp256', u'ecdsa-sha2-nistp384', u'ecdsa-sha2-nistp521', u'ssh-rsa', u'ssh-dss'] client encrypt:[u'aes128-ctr', u'aes192-ctr', u'aes256-ctr', u'aes128-cbc', u'aes192-cbc', u'aes256-cbc', u'blowfish-cbc', u'3des-cbc'] server encrypt:[u'aes128-ctr', u'aes192-ctr', u'aes256-ctr', u'aes128-cbc', u'aes192-cbc', u'aes256-cbc', u'blowfish-cbc', u'3des-cbc'] client mac:[u'hmac-sha2-256', u'hmac-sha2-512', u'hmac-sha1', u'hmac-md5', u'hmac-sha1-96', u'hmac-md5-96'] server mac:[u'hmac-sha2-256', u'hmac-sha2-512', u'hmac-sha1', u'hmac-md5', u'hmac-sha1-96', u'hmac-md5-96'] client compress:[u'none'] server compress:[u'none'] client lang:[u''] server lang:[u''] kex follows?False
DEB [20180528-08:41:54.551] thr=1   paramiko.transport: Kex agreed: ecdh-sha2-nistp256
DEB [20180528-08:41:54.551] thr=1   paramiko.transport: HostKey agreed: ssh-rsa
DEB [20180528-08:41:54.552] thr=1   paramiko.transport: Cipher agreed: aes128-ctr
DEB [20180528-08:41:54.552] thr=1   paramiko.transport: MAC agreed: hmac-sha2-256
DEB [20180528-08:41:54.552] thr=1   paramiko.transport: Compression agreed: none
DEB [20180528-08:41:54.554] thr=1   paramiko.transport: kex engine KexNistp256 specified hash_algo <built-in function openssl_sha256>
DEB [20180528-08:41:54.555] thr=1   paramiko.transport: Switch to new keys ...
DEB [20180528-08:41:54.560] thr=1   paramiko.transport: Auth request (type=password) service=ssh-connection, username=root
INF [20180528-08:41:54.560] thr=1   paramiko.transport: Auth granted (password).
DEB [20180528-08:41:54.564] thr=1   paramiko.transport: Received global request "tcpip-forward"
DEB [20180528-08:41:54.665] thr=1   paramiko.transport: EOF in transport thread
DEB [20180528-09:46:32.598] thr=1   paramiko.transport: starting thread (server mode): 0x445c950L
DEB [20180528-09:46:32.598] thr=1   paramiko.transport: Local version/idstring: SSH-2.0-paramiko_2.4.1
DEB [20180528-09:46:32.598] thr=1   paramiko.transport: Remote version/idstring: SSH-2.0-paramiko_2.4.1
INF [20180528-09:46:32.598] thr=1   paramiko.transport: Connected (version 2.0, client paramiko_2.4.1)
DEB [20180528-09:46:32.599] thr=1   paramiko.transport: kex algos:[u'ecdh-sha2-nistp256', u'ecdh-sha2-nistp384', u'ecdh-sha2-nistp521', u'diffie-hellman-group-exchange-sha256', u'diffie-hellman-group-exchange-sha1', u'diffie-hellman-group14-sha1', u'diffie-hellman-group1-sha1'] server key:[u'ssh-ed25519', u'ecdsa-sha2-nistp256', u'ecdsa-sha2-nistp384', u'ecdsa-sha2-nistp521', u'ssh-rsa', u'ssh-dss'] client encrypt:[u'aes128-ctr', u'aes192-ctr', u'aes256-ctr', u'aes128-cbc', u'aes192-cbc', u'aes256-cbc', u'blowfish-cbc', u'3des-cbc'] server encrypt:[u'aes128-ctr', u'aes192-ctr', u'aes256-ctr', u'aes128-cbc', u'aes192-cbc', u'aes256-cbc', u'blowfish-cbc', u'3des-cbc'] client mac:[u'hmac-sha2-256', u'hmac-sha2-512', u'hmac-sha1', u'hmac-md5', u'hmac-sha1-96', u'hmac-md5-96'] server mac:[u'hmac-sha2-256', u'hmac-sha2-512', u'hmac-sha1', u'hmac-md5', u'hmac-sha1-96', u'hmac-md5-96'] client compress:[u'none'] server compress:[u'none'] client lang:[u''] server lang:[u''] kex follows?False
DEB [20180528-09:46:32.599] thr=1   paramiko.transport: Kex agreed: ecdh-sha2-nistp256
DEB [20180528-09:46:32.599] thr=1   paramiko.transport: HostKey agreed: ssh-rsa
DEB [20180528-09:46:32.600] thr=1   paramiko.transport: Cipher agreed: aes128-ctr
DEB [20180528-09:46:32.600] thr=1   paramiko.transport: MAC agreed: hmac-sha2-256
DEB [20180528-09:46:32.600] thr=1   paramiko.transport: Compression agreed: none
DEB [20180528-09:46:32.602] thr=1   paramiko.transport: kex engine KexNistp256 specified hash_algo <built-in function openssl_sha256>
DEB [20180528-09:46:32.603] thr=1   paramiko.transport: Switch to new keys ...
DEB [20180528-09:46:32.608] thr=1   paramiko.transport: Auth request (type=password) service=ssh-connection, username=root
INF [20180528-09:46:32.608] thr=1   paramiko.transport: Auth granted (password).
DEB [20180528-09:46:32.609] thr=1   paramiko.transport: Received global request "tcpip-forward"
DEB [20180528-09:46:32.713] thr=1   paramiko.transport: EOF in transport thread
